C:\20260529\my_sap_project\test\.venv\Lib\site-packages\torch\_subclasses\functional_tensor.py:362: UserWarning: Failed to initialize NumPy: No module named 'numpy' (Triggered internally at C:\actions-runner\_work\pytorch\pytorch\torch\csrc\utils\tensor_numpy.cpp:84.)
  cpu = _conversion_method_template(device=torch.device("cpu"))
模型参数量：874,273
教材：20 首唐诗，共认识 289 个字

🆕 没有存档，开始从零训练……（CPU 上约一两分钟）
step    0 | loss: 5.8128
step  300 | loss: 0.0239
step  600 | loss: 0.0258
step  900 | loss: 0.0183
step 1200 | loss: 0.0182
step 1500 | loss: 2.2129
step 1800 | loss: 0.0221
step 2100 | loss: 0.0196
step 2400 | loss: 0.0229
step 2700 | loss: 0.0235
step 2999 | loss: 0.0225
💾 训练完成，已存档到 tang.pth

========== 抽查（对照原诗）==========
✅《静夜思》床前明月光，疑是地上霜。举头望明月，低头思故乡。
✅《春晓》春眠不觉晓，处处闻啼鸟。夜来风雨声，花落知多少。
✅《登鹳雀楼》白日依山尽，黄河入海流。欲穷千里目，更上一层楼。
✅《相思》红豆生南国，春来发几枝。愿君多采撷，此物最相思。
✅《鹿柴》空山不见人，但闻人语响。返景入深林，复照青苔上。
✅《杂诗》君自故乡来，应知故乡事。来日绮窗前，寒梅著花未。
✅《山中送别》山中相送罢，日暮掩柴扉。春草明年绿，王孙归不归。
✅《江雪》千山鸟飞绝，万径人踪灭。孤舟蓑笠翁，独钓寒江雪。
✅《寻隐者不遇》松下问童子，言师采药去。只在此山中，云深不知处。
✅《登乐游原》向晚意不适，驱车登古原。夕阳无限好，只是近黄昏。
✅《悯农》锄禾日当午，汗滴禾下土。谁知盘中餐，粒粒皆辛苦。
✅《草》离离原上草，一岁一枯荣。野火烧不尽，春风吹又生。
✅《八阵图》功盖三分国，名成八阵图。江流石不转，遗恨失吞吴。
✅《鸟鸣涧》人闲桂花落，夜静春山空。月出惊山鸟，时鸣春涧中。
✅《竹里馆》独坐幽篁里，弹琴复长啸。深林人不知，明月来相照。
✅《终南望余雪》终南阴岭秀，积雪浮云端。林表明霁色，城中增暮寒。
✅《渡汉江》岭外音书断，经冬复历春。近乡情更怯，不敢问来人。
✅《问刘十九》绿蚁新醅酒，红泥小火炉。晚来天欲雪，能饮一杯无。
✅《玉阶怨》玉阶生白露，夜久侵罗袜。却下水晶帘，玲珑望秋月。
❌《怨情》岭外音书断，经冬复历春。近乡情更怯，不敢问来人。

20 首里背对了 19 首

========== 输入诗名让它背，输入 q 退出 ==========
可背：静夜思、春晓、登鹳雀楼、相思、鹿柴、杂诗、山中送别、江雪、寻隐者不遇、登乐游原、悯农、草、八阵图、鸟鸣涧、竹里馆、终南望余雪、渡汉江、问刘十九、玉阶怨、怨情

诗名：再见！
